Building DAG of jobs...
Using shell: /usr/local/bin/bash
Provided cores: 1 (use --cores to define parallelism)
Rules claiming more threads will be scaled down.
Job stats:
job                    count
-------------------  -------
all_single_end             1
download_single_end        8
total                      9

Select jobs to execute...
Failed to solve scheduling problem with ILP solver. Falling back to greedy solver. Run Snakemake with --verbose to see the full solver output for debugging the problem.

[Tue Feb 20 19:28:11 2024]
rule download_single_end:
    output: /homes/bilala/BedTools/Chipseq_2024/raw_data/SRR6823765.fastq
    jobid: 7
    reason: Forced execution
    wildcards: output_dir=/homes/bilala/BedTools/Chipseq_2024/raw_data, accession=SRR6823765
    resources: tmpdir=/tmp

Read 28238880 spots for SRR6823765
Written 28238880 spots for SRR6823765
[Tue Feb 20 19:33:28 2024]
Finished job 7.
1 of 9 steps (11%) done
Select jobs to execute...
Failed to solve scheduling problem with ILP solver. Falling back to greedy solver. Run Snakemake with --verbose to see the full solver output for debugging the problem.

[Tue Feb 20 19:33:32 2024]
rule download_single_end:
    output: /homes/bilala/BedTools/Chipseq_2024/raw_data/SRR6823762.fastq
    jobid: 8
    reason: Forced execution
    wildcards: output_dir=/homes/bilala/BedTools/Chipseq_2024/raw_data, accession=SRR6823762
    resources: tmpdir=/tmp

Read 20883786 spots for SRR6823762
Written 20883786 spots for SRR6823762
[Tue Feb 20 19:37:30 2024]
Finished job 8.
2 of 9 steps (22%) done
Select jobs to execute...
Failed to solve scheduling problem with ILP solver. Falling back to greedy solver. Run Snakemake with --verbose to see the full solver output for debugging the problem.

[Tue Feb 20 19:37:34 2024]
rule download_single_end:
    output: /homes/bilala/BedTools/Chipseq_2024/raw_data/SRR6823773.fastq
    jobid: 1
    reason: Forced execution
    wildcards: output_dir=/homes/bilala/BedTools/Chipseq_2024/raw_data, accession=SRR6823773
    resources: tmpdir=/tmp

Read 48443765 spots for SRR6823773
Written 48443765 spots for SRR6823773
[Tue Feb 20 19:46:07 2024]
Finished job 1.
3 of 9 steps (33%) done
Select jobs to execute...
Failed to solve scheduling problem with ILP solver. Falling back to greedy solver. Run Snakemake with --verbose to see the full solver output for debugging the problem.

[Tue Feb 20 19:46:11 2024]
rule download_single_end:
    output: /homes/bilala/BedTools/Chipseq_2024/raw_data/SRR6823772.fastq
    jobid: 2
    reason: Forced execution
    wildcards: output_dir=/homes/bilala/BedTools/Chipseq_2024/raw_data, accession=SRR6823772
    resources: tmpdir=/tmp

Read 47515447 spots for SRR6823772
Written 47515447 spots for SRR6823772
[Tue Feb 20 19:54:48 2024]
Finished job 2.
4 of 9 steps (44%) done
Select jobs to execute...
Failed to solve scheduling problem with ILP solver. Falling back to greedy solver. Run Snakemake with --verbose to see the full solver output for debugging the problem.

[Tue Feb 20 19:54:52 2024]
rule download_single_end:
    output: /homes/bilala/BedTools/Chipseq_2024/raw_data/SRR6823767.fastq
    jobid: 6
    reason: Forced execution
    wildcards: output_dir=/homes/bilala/BedTools/Chipseq_2024/raw_data, accession=SRR6823767
    resources: tmpdir=/tmp

Read 14742642 spots for SRR6823767
Written 14742642 spots for SRR6823767
[Tue Feb 20 19:57:33 2024]
Finished job 6.
5 of 9 steps (56%) done
Select jobs to execute...
Failed to solve scheduling problem with ILP solver in time (10s). Falling back to greedy solver.

[Tue Feb 20 19:57:49 2024]
rule download_single_end:
    output: /homes/bilala/BedTools/Chipseq_2024/raw_data/SRR6823771.fastq
    jobid: 3
    reason: Forced execution
    wildcards: output_dir=/homes/bilala/BedTools/Chipseq_2024/raw_data, accession=SRR6823771
    resources: tmpdir=/tmp

Read 64228415 spots for SRR6823771
Written 64228415 spots for SRR6823771
[Tue Feb 20 20:09:13 2024]
Finished job 3.
6 of 9 steps (67%) done
Select jobs to execute...
Failed to solve scheduling problem with ILP solver. Falling back to greedy solver. Run Snakemake with --verbose to see the full solver output for debugging the problem.

[Tue Feb 20 20:09:16 2024]
rule download_single_end:
    output: /homes/bilala/BedTools/Chipseq_2024/raw_data/SRR6823770.fastq
    jobid: 4
    reason: Forced execution
    wildcards: output_dir=/homes/bilala/BedTools/Chipseq_2024/raw_data, accession=SRR6823770
    resources: tmpdir=/tmp

Read 56527528 spots for SRR6823770
Written 56527528 spots for SRR6823770
[Tue Feb 20 20:19:34 2024]
Finished job 4.
7 of 9 steps (78%) done
Select jobs to execute...

[Tue Feb 20 20:19:34 2024]
rule download_single_end:
    output: /homes/bilala/BedTools/Chipseq_2024/raw_data/SRR6823769.fastq
    jobid: 5
    reason: Forced execution
    wildcards: output_dir=/homes/bilala/BedTools/Chipseq_2024/raw_data, accession=SRR6823769
    resources: tmpdir=/tmp

Read 30636882 spots for SRR6823769
Written 30636882 spots for SRR6823769
[Tue Feb 20 20:25:01 2024]
Finished job 5.
8 of 9 steps (89%) done
Select jobs to execute...

[Tue Feb 20 20:25:01 2024]
localrule all_single_end:
    input: /homes/bilala/BedTools/Chipseq_2024/raw_data/SRR6823773.fastq, /homes/bilala/BedTools/Chipseq_2024/raw_data/SRR6823772.fastq, /homes/bilala/BedTools/Chipseq_2024/raw_data/SRR6823771.fastq, /homes/bilala/BedTools/Chipseq_2024/raw_data/SRR6823770.fastq, /homes/bilala/BedTools/Chipseq_2024/raw_data/SRR6823769.fastq, /homes/bilala/BedTools/Chipseq_2024/raw_data/SRR6823767.fastq, /homes/bilala/BedTools/Chipseq_2024/raw_data/SRR6823765.fastq, /homes/bilala/BedTools/Chipseq_2024/raw_data/SRR6823762.fastq
    jobid: 0
    reason: Input files updated by another job: /homes/bilala/BedTools/Chipseq_2024/raw_data/SRR6823767.fastq, /homes/bilala/BedTools/Chipseq_2024/raw_data/SRR6823772.fastq, /homes/bilala/BedTools/Chipseq_2024/raw_data/SRR6823773.fastq, /homes/bilala/BedTools/Chipseq_2024/raw_data/SRR6823770.fastq, /homes/bilala/BedTools/Chipseq_2024/raw_data/SRR6823771.fastq, /homes/bilala/BedTools/Chipseq_2024/raw_data/SRR6823765.fastq, /homes/bilala/BedTools/Chipseq_2024/raw_data/SRR6823769.fastq, /homes/bilala/BedTools/Chipseq_2024/raw_data/SRR6823762.fastq
    resources: tmpdir=/tmp

[Tue Feb 20 20:25:01 2024]
Finished job 0.
9 of 9 steps (100%) done
Complete log: .snakemake/log/2024-02-20T192805.864665.snakemake.log
